
> medidea@0.1.0 pages:build
> opennextjs-cloudflare build && node scripts/patch-worker.js && cp .open-next/worker.js .open-next/assets/_worker.js && cp .open-next/original-worker.js .open-next/assets/original-worker.js && cp -r .open-next/cloudflare .open-next/assets/ && cp -r .open-next/middleware .open-next/assets/ && cp -r .open-next/server-functions .open-next/assets/ && cp -r .open-next/.build .open-next/assets/


┌─────────────────────────────┐
│ OpenNext — Cloudflare build │
└─────────────────────────────┘

App directory: /home/mverde/src/valerio/medidea
Next.js version : 15.5.2
@opennextjs/cloudflare version: 1.13.0
@opennextjs/aws version: 3.9.0

┌─────────────────────────────────┐
│ OpenNext — Building Next.js app │
└─────────────────────────────────┘


> medidea@0.1.0 build
> next build

Using vars defined in .dev.vars
   ▲ Next.js 15.5.2
   - Environments: .env
   - Experiments (use with caution):
     · serverActions

   Creating an optimized production build ...
Using vars defined in .dev.vars
Using vars defined in .dev.vars
Using vars defined in .dev.vars
 ✓ Compiled successfully in 6.5s
   Linting and checking validity of types ...

Failed to compile.

./app/registro/page.tsx
210:53  Error: `'` can be escaped with `&apos;`, `&lsquo;`, `&#39;`, `&rsquo;`.  react/no-unescaped-entities

./components/tecnici/TechnicianSelect.tsx
79:8  Warning: React Hook useEffect has a missing dependency: 'fetchTecnici'. Either include it or remove the dependency array.  react-hooks/exhaustive-deps

./components/ui/ClientSelector.tsx
109:9  Warning: The attribute aria-expanded is not supported by the role textbox. This role is implicit on the element input.  jsx-a11y/role-supports-aria-props

info  - Need to disable some ESLint rules? Learn more here: https://nextjs.org/docs/app/api-reference/config/eslint#disabling-rules
opennextjs-cloudflare build

Build an OpenNext Cloudflare worker

Opzioni:
      --help                        Mostra la schermata di aiuto      [booleano]
      --version                     Mostra il numero di versione      [booleano]
  -c, --config                      Path to Wrangler configuration file[stringa]
      --configPath                  Path to Wrangler configuration file
                                                          [deprecated] [stringa]
  -e, --env                         Wrangler environment to use for operations
                                                                       [stringa]
  -s, --skipNextBuild, --skipBuild  Skip building the Next.js app
                                                 [booleano] [predefinito: false]
      --noMinify                    Disable worker minification
                                                 [booleano] [predefinito: false]
      --skipWranglerConfigCheck     Skip checking for a Wrangler config
                                                 [booleano] [predefinito: false]
      --openNextConfigPath          Path to the OpenNext configuration file
                                                                       [stringa]

Error: Command failed: npm run build
    at genericNodeError (node:internal/errors:983:15)
    at wrappedFn (node:internal/errors:537:14)
    at checkExecSyncError (node:child_process:916:11)
    at Object.execSync (node:child_process:988:15)
    at buildNextjsApp (file:///home/mverde/src/valerio/medidea/node_modules/@opennextjs/aws/dist/build/buildNextApp.js:15:8)
    at build (file:///home/mverde/src/valerio/medidea/node_modules/@opennextjs/cloudflare/dist/cli/build/build.js:47:9)
    at buildCommand (file:///home/mverde/src/valerio/medidea/node_modules/@opennextjs/cloudflare/dist/cli/commands/build.js:21:11) {
  status: 1,
  signal: null,
  output: [ null, null, null ],
  pid: 894966,
  stdout: null,
  stderr: null
}
