
> medidea@0.1.0 dev
> next dev --turbopack

Using vars defined in .dev.vars
   ▲ Next.js 15.5.2 (Turbopack)
   - Local:        http://localhost:3000
   - Network:      http://192.168.50.136:3000
   - Environments: .env
   - Experiments (use with caution):
     · serverActions

 ✓ Starting...
Using vars defined in .dev.vars
 ✓ Compiled middleware in 118ms
 ✓ Ready in 2.2s
 ○ Compiling /login ...
 ✓ Compiled /login in 3.2s
 GET /login 200 in 3651ms
 ✓ Compiled /icon.png in 171ms
 GET /icon.png?icon.fdb1d210.png 200 in 467ms
 GET /icon.png?icon.fdb1d210.png 200 in 258ms
 ✓ Compiled /api/auth/login in 222ms
 POST /api/auth/login 401 in 521ms
 GET /icon.png?icon.fdb1d210.png 200 in 250ms
 POST /api/auth/login 200 in 252ms
 ✓ Compiled /attivita in 496ms
 GET /attivita 200 in 559ms
 ✓ Compiled /api/attivita in 245ms
 GET /api/attivita? 200 in 627ms
 GET /api/attivita? 200 in 299ms
 GET /icon.png?icon.fdb1d210.png 200 in 245ms
 GET /login 200 in 121ms
 GET /icon.png?icon.fdb1d210.png 200 in 250ms
 GET /icon.png?icon.fdb1d210.png 200 in 245ms
 POST /api/auth/login 200 in 253ms
 GET /attivita 200 in 68ms
 GET /api/attivita? 200 in 299ms
 GET /api/attivita? 200 in 274ms
 GET /icon.png?icon.fdb1d210.png 200 in 240ms
 ✓ Compiled / in 294ms
 GET / 200 in 418ms
 ✓ Compiled /api/dashboard/stats in 103ms
 GET /icon.png?icon.fdb1d210.png 200 in 251ms
 GET /api/dashboard/stats 200 in 441ms
 GET /icon.png?icon.fdb1d210.png 200 in 242ms
 ○ Compiling /attivita/new ...
 ✓ Compiled /attivita/new in 624ms
 GET /attivita/new 200 in 841ms
 ✓ Compiled /api/clienti in 229ms
 GET /icon.png?icon.fdb1d210.png 200 in 338ms
Error fetching reparti: Error: D1_ERROR: no such table: reparti: SQLITE_ERROR
    at async DatabaseClient.query (lib/db.ts:15:20)
    at async (app/api/reparti/route.ts:16:25)
  13 |    */
  14 |   async query<T = any>(sql: string, params: any[] = []): Promise<T[]> {
> 15 |     const result = await this.db.prepare(sql).bind(...params).all();
     |                    ^
  16 |     return result.results as T[];
  17 |   }
  18 | {
  [cause]: Error: no such table: reparti: SQLITE_ERROR
      at D1DatabaseSessionAlwaysPrimary._sendOrThrow (cloudflare-internal:d1-api:140:24)
      at async (cloudflare-internal:d1-api:361:41)
}
 GET /api/reparti 500 in 734ms
 GET /api/clienti 200 in 761ms
Error fetching modalita: Error: D1_ERROR: no such table: modalita_apertura: SQLITE_ERROR
    at async DatabaseClient.query (lib/db.ts:15:20)
    at async (app/api/modalita-apertura/route.ts:16:26)
  13 |    */
  14 |   async query<T = any>(sql: string, params: any[] = []): Promise<T[]> {
> 15 |     const result = await this.db.prepare(sql).bind(...params).all();
     |                    ^
  16 |     return result.results as T[];
  17 |   }
  18 | {
  [cause]: Error: no such table: modalita_apertura: SQLITE_ERROR
      at D1DatabaseSessionAlwaysPrimary._sendOrThrow (cloudflare-internal:d1-api:140:24)
      at async (cloudflare-internal:d1-api:361:41)
}
 GET /api/modalita-apertura 500 in 844ms
 GET /icon.png?icon.fdb1d210.png 200 in 238ms
 GET /icon.png?icon.fdb1d210.png 200 in 250ms
 GET /icon.png?icon.fdb1d210.png 200 in 249ms
 GET /icon.png?icon.fdb1d210.png 200 in 247ms
 GET /api/reparti 401 in 247ms
 GET /attivita/new 200 in 73ms
 GET /icon.png?icon.fdb1d210.png 200 in 249ms
 GET /api/clienti 200 in 436ms
Error fetching reparti: Error: D1_ERROR: no such table: reparti: SQLITE_ERROR
    at async DatabaseClient.query (lib/db.ts:15:20)
    at async (app/api/reparti/route.ts:16:25)
  13 |    */
  14 |   async query<T = any>(sql: string, params: any[] = []): Promise<T[]> {
> 15 |     const result = await this.db.prepare(sql).bind(...params).all();
     |                    ^
  16 |     return result.results as T[];
  17 |   }
  18 | {
  [cause]: Error: no such table: reparti: SQLITE_ERROR
      at D1DatabaseSessionAlwaysPrimary._sendOrThrow (cloudflare-internal:d1-api:140:24)
      at async (cloudflare-internal:d1-api:361:41)
}
 GET /api/reparti 500 in 539ms
Error fetching modalita: Error: D1_ERROR: no such table: modalita_apertura: SQLITE_ERROR
    at async DatabaseClient.query (lib/db.ts:15:20)
    at async (app/api/modalita-apertura/route.ts:16:26)
  13 |    */
  14 |   async query<T = any>(sql: string, params: any[] = []): Promise<T[]> {
> 15 |     const result = await this.db.prepare(sql).bind(...params).all();
     |                    ^
  16 |     return result.results as T[];
  17 |   }
  18 | {
  [cause]: Error: no such table: modalita_apertura: SQLITE_ERROR
      at D1DatabaseSessionAlwaysPrimary._sendOrThrow (cloudflare-internal:d1-api:140:24)
      at async (cloudflare-internal:d1-api:361:41)
}
 GET /api/modalita-apertura 500 in 620ms
 ○ Compiling /_not-found/page ...
 ✓ Compiled /_not-found/page in 620ms
 GET /_next/src/index.ts 404 in 844ms
 GET /api/clienti 200 in 393ms
Error fetching reparti: Error: D1_ERROR: no such table: reparti: SQLITE_ERROR
    at async DatabaseClient.query (lib/db.ts:15:20)
    at async (app/api/reparti/route.ts:16:25)
  13 |    */
  14 |   async query<T = any>(sql: string, params: any[] = []): Promise<T[]> {
> 15 |     const result = await this.db.prepare(sql).bind(...params).all();
     |                    ^
  16 |     return result.results as T[];
  17 |   }
  18 | {
  [cause]: Error: no such table: reparti: SQLITE_ERROR
      at D1DatabaseSessionAlwaysPrimary._sendOrThrow (cloudflare-internal:d1-api:140:24)
      at async (cloudflare-internal:d1-api:361:41)
}
 GET /api/reparti 500 in 459ms
 GET /_next/src/file-selector.ts 404 in 929ms
 GET /_next/src/file.ts 404 in 1029ms
Error fetching modalita: Error: D1_ERROR: no such table: modalita_apertura: SQLITE_ERROR
    at async DatabaseClient.query (lib/db.ts:15:20)
    at async (app/api/modalita-apertura/route.ts:16:26)
  13 |    */
  14 |   async query<T = any>(sql: string, params: any[] = []): Promise<T[]> {
> 15 |     const result = await this.db.prepare(sql).bind(...params).all();
     |                    ^
  16 |     return result.results as T[];
  17 |   }
  18 | {
  [cause]: Error: no such table: modalita_apertura: SQLITE_ERROR
      at D1DatabaseSessionAlwaysPrimary._sendOrThrow (cloudflare-internal:d1-api:140:24)
      at async (cloudflare-internal:d1-api:361:41)
}
 GET /api/modalita-apertura 500 in 561ms
 GET /_next/src/file.ts 404 in 170ms
 GET /_next/src/file-selector.ts 404 in 272ms
 GET /_next/src/index.ts 404 in 278ms
 ✓ Compiled /impostazioni/tabelle in 354ms
 GET /impostazioni/tabelle 200 in 491ms
Error fetching reparti: Error: D1_ERROR: no such table: reparti: SQLITE_ERROR
    at async DatabaseClient.query (lib/db.ts:15:20)
    at async (app/api/reparti/route.ts:16:25)
  13 |    */
  14 |   async query<T = any>(sql: string, params: any[] = []): Promise<T[]> {
> 15 |     const result = await this.db.prepare(sql).bind(...params).all();
     |                    ^
  16 |     return result.results as T[];
  17 |   }
  18 | {
  [cause]: Error: no such table: reparti: SQLITE_ERROR
      at D1DatabaseSessionAlwaysPrimary._sendOrThrow (cloudflare-internal:d1-api:140:24)
      at async (cloudflare-internal:d1-api:361:41)
}
 GET /api/reparti 500 in 327ms
 GET /icon.png?icon.fdb1d210.png 200 in 243ms
 GET /icon.png?icon.fdb1d210.png 200 in 239ms
 GET /icon.png?icon.fdb1d210.png 200 in 258ms
 GET /icon.png?icon.fdb1d210.png 200 in 246ms
 GET /icon.png?icon.fdb1d210.png 200 in 246ms
 GET /icon.png?icon.fdb1d210.png 200 in 245ms
 GET /impostazioni/tabelle?tab=reparti 200 in 79ms
 GET /_next/src/file.ts 404 in 181ms
Error fetching reparti: Error: D1_ERROR: no such table: reparti: SQLITE_ERROR
    at async DatabaseClient.query (lib/db.ts:15:20)
    at async (app/api/reparti/route.ts:16:25)
  13 |    */
  14 |   async query<T = any>(sql: string, params: any[] = []): Promise<T[]> {
> 15 |     const result = await this.db.prepare(sql).bind(...params).all();
     |                    ^
  16 |     return result.results as T[];
  17 |   }
  18 | {
  [cause]: Error: no such table: reparti: SQLITE_ERROR
      at D1DatabaseSessionAlwaysPrimary._sendOrThrow (cloudflare-internal:d1-api:140:24)
      at async (cloudflare-internal:d1-api:361:41)
}
 GET /api/reparti 500 in 545ms
 GET /_next/src/index.ts 404 in 556ms
 GET /_next/src/file-selector.ts 404 in 558ms
 GET /_next/src/file.ts 404 in 216ms
 GET /_next/src/index.ts 404 in 307ms
 GET /_next/src/file-selector.ts 404 in 309ms
Error fetching reparti: Error: D1_ERROR: no such table: reparti: SQLITE_ERROR
    at async DatabaseClient.query (lib/db.ts:15:20)
    at async (app/api/reparti/route.ts:16:25)
  13 |    */
  14 |   async query<T = any>(sql: string, params: any[] = []): Promise<T[]> {
> 15 |     const result = await this.db.prepare(sql).bind(...params).all();
     |                    ^
  16 |     return result.results as T[];
  17 |   }
  18 | {
  [cause]: Error: no such table: reparti: SQLITE_ERROR
      at D1DatabaseSessionAlwaysPrimary._sendOrThrow (cloudflare-internal:d1-api:140:24)
      at async (cloudflare-internal:d1-api:361:41)
}
 GET /api/reparti 500 in 517ms
Error creating reparto: Error: D1_ERROR: no such table: reparti: SQLITE_ERROR
    at async DatabaseClient.queryFirst (lib/db.ts:23:20)
    at async (app/api/reparti/route.ts:50:26)
  21 |    */
  22 |   async queryFirst<T = any>(sql: string, params: any[] = []): Promise<T | null> {
> 23 |     const result = await this.db.prepare(sql).bind(...params).first();
     |                    ^
  24 |     return result as T | null;
  25 |   }
  26 | {
  [cause]: Error: no such table: reparti: SQLITE_ERROR
      at D1DatabaseSessionAlwaysPrimary._sendOrThrow (cloudflare-internal:d1-api:140:24)
      at async (cloudflare-internal:d1-api:318:39)
}
 POST /api/reparti 500 in 322ms
 GET /icon.png?icon.fdb1d210.png 200 in 250ms
 GET /impostazioni/tabelle?tab=reparti 200 in 79ms
Error creating reparto: Error: D1_ERROR: no such table: reparti: SQLITE_ERROR
    at async DatabaseClient.queryFirst (lib/db.ts:23:20)
    at async (app/api/reparti/route.ts:50:26)
  21 |    */
  22 |   async queryFirst<T = any>(sql: string, params: any[] = []): Promise<T | null> {
> 23 |     const result = await this.db.prepare(sql).bind(...params).first();
     |                    ^
  24 |     return result as T | null;
  25 |   }
  26 | {
  [cause]: Error: no such table: reparti: SQLITE_ERROR
      at D1DatabaseSessionAlwaysPrimary._sendOrThrow (cloudflare-internal:d1-api:140:24)
      at async (cloudflare-internal:d1-api:318:39)
}
 POST /api/reparti 500 in 365ms
 GET /impostazioni/tabelle?tab=reparti 200 in 68ms
 ○ Compiling /registro ...
 ✓ Compiled /registro in 859ms
 GET /registro 200 in 917ms
 GET /impostazioni/tabelle 200 in 192ms
 GET /api/attivita?data_apertura_da=2025-11-30T23%3A00%3A00.000Z&data_apertura_a=2025-12-30T23%3A00%3A00.000Z&limit=1000 200 in 335ms
 GET /api/attivita?data_apertura_da=2025-11-30T23%3A00%3A00.000Z&data_apertura_a=2025-12-30T23%3A00%3A00.000Z&limit=1000 200 in 274ms
 GET /api/reparti 200 in 289ms
 GET /icon.png?icon.fdb1d210.png 200 in 246ms
 GET /attivita 200 in 67ms
 GET /api/attivita? 200 in 273ms
 GET /api/attivita? 200 in 265ms
 GET /impostazioni/tabelle?tab=reparti 200 in 70ms
 GET /api/reparti 200 in 261ms
 GET /api/reparti 200 in 267ms
 GET /icon.png?icon.fdb1d210.png 200 in 250ms
 GET /impostazioni/tabelle?tab=modalita 200 in 69ms
 GET /api/modalita-apertura 200 in 267ms
 ✓ Compiled /utenti in 354ms
 GET /utenti 200 in 408ms
 ✓ Compiled /api/utenti in 123ms
 GET /_next/src/file.ts 404 in 157ms
 GET /api/utenti 200 in 477ms
 GET /_next/src/index.ts 404 in 314ms
 GET /_next/src/file-selector.ts 404 in 317ms
 GET /_next/src/file.ts 404 in 167ms
 GET /_next/src/file-selector.ts 404 in 224ms
 GET /_next/src/index.ts 404 in 285ms
 GET /api/utenti 200 in 329ms
 ✓ Compiled /clienti in 331ms
 GET /clienti 200 in 389ms
 GET /icon.png?icon.fdb1d210.png 200 in 275ms
 GET /api/clienti 200 in 296ms
 GET /api/clienti 200 in 287ms
 POST /api/reparti 201 in 283ms
 GET /icon.png?icon.fdb1d210.png 200 in 250ms
 GET /impostazioni/tabelle?tab=modalita 200 in 70ms
 GET /api/modalita-apertura 200 in 269ms
 GET /icon.png?icon.fdb1d210.png 200 in 259ms
 GET /icon.png?icon.fdb1d210.png 200 in 253ms
 GET /icon.png?icon.fdb1d210.png 200 in 251ms
 POST /api/modalita-apertura 409 in 294ms
 GET /icon.png?icon.fdb1d210.png 200 in 252ms
 GET /clienti 200 in 137ms
 GET /api/clienti 200 in 272ms
 GET /icon.png?icon.fdb1d210.png 200 in 250ms
 GET /icon.png?icon.fdb1d210.png 200 in 249ms
 GET /clienti 200 in 119ms
 GET /api/clienti 200 in 288ms
 GET /icon.png?icon.fdb1d210.png 200 in 255ms
 GET /icon.png?icon.fdb1d210.png 200 in 246ms
 GET /icon.png?icon.fdb1d210.png 200 in 249ms
 ✓ Compiled /clienti/new in 345ms
 GET /clienti/new 200 in 409ms
 GET /icon.png?icon.fdb1d210.png 200 in 241ms
 GET /icon.png?icon.fdb1d210.png 200 in 243ms
 POST /api/clienti 201 in 278ms
 ✓ Compiled /clienti/[id] in 338ms
 GET /clienti/13 200 in 976ms
 ✓ Compiled /api/clienti/[id] in 115ms
 GET /api/clienti/13 200 in 1132ms
 GET /api/clienti/13 200 in 338ms
 GET /icon.png?icon.fdb1d210.png 200 in 243ms
 GET /attivita/new 200 in 152ms
 GET /api/clienti 200 in 376ms
 GET /api/reparti 200 in 378ms
 GET /api/modalita-apertura 200 in 381ms
 GET /icon.png?icon.fdb1d210.png 200 in 251ms
 GET /icon.png?icon.fdb1d210.png 200 in 245ms
 GET /icon.png?icon.fdb1d210.png 200 in 262ms
 GET /icon.png?icon.fdb1d210.png 200 in 243ms
 GET /icon.png?icon.fdb1d210.png 200 in 243ms
 GET /icon.png?icon.fdb1d210.png 200 in 250ms
 GET /attivita/new 200 in 158ms
 GET /api/clienti 200 in 345ms
 GET /api/modalita-apertura 200 in 347ms
 GET /api/reparti 200 in 350ms
 GET /icon.png?icon.fdb1d210.png 200 in 245ms
 GET /icon.png?icon.fdb1d210.png 200 in 250ms
 GET /icon.png?icon.fdb1d210.png 200 in 246ms
 GET /icon.png?icon.fdb1d210.png 200 in 246ms
 GET /icon.png?icon.fdb1d210.png 200 in 238ms
 GET /icon.png?icon.fdb1d210.png 200 in 243ms
 GET /icon.png?icon.fdb1d210.png 200 in 243ms
 GET /attivita/new 200 in 136ms
 GET /api/clienti 200 in 337ms
 GET /api/reparti 200 in 339ms
 GET /api/modalita-apertura 200 in 347ms
 GET /icon.png?icon.fdb1d210.png 200 in 242ms
 GET /attivita 200 in 81ms
 GET /api/attivita? 200 in 299ms
 GET /icon.png?icon.fdb1d210.png 200 in 249ms
 GET /api/attivita? 200 in 297ms
 ✓ Compiled /attivita/[id] in 402ms
 GET /attivita/3 200 in 1135ms
 ✓ Compiled /api/file in 243ms
 GET /api/modalita-apertura 200 in 389ms
 GET /icon.png?icon.fdb1d210.png 200 in 330ms
 GET /api/reparti 200 in 414ms
 GET /api/file?tipo_riferimento=attivita&id_riferimento=3 200 in 664ms
 GET /api/modalita-apertura 200 in 419ms
 GET /api/reparti 200 in 421ms
 GET /_next/src/file.ts 404 in 316ms
 GET /_next/src/file-selector.ts 404 in 373ms
 GET /api/file?tipo_riferimento=attivita&id_riferimento=3 200 in 538ms
 GET /_next/src/index.ts 404 in 365ms
 GET /_next/src/file.ts 404 in 353ms
 GET /_next/src/file-selector.ts 404 in 348ms
 GET /api/attivita/3 200 in 1527ms
 GET /_next/src/index.ts 404 in 300ms
 GET /api/attivita/3 200 in 371ms
 GET /icon.png?icon.fdb1d210.png 200 in 254ms
 GET /icon.png?icon.fdb1d210.png 200 in 254ms
 GET /icon.png?icon.fdb1d210.png 200 in 248ms
 GET /registro 200 in 67ms
 GET /api/attivita?data_apertura_da=2025-11-30T23%3A00%3A00.000Z&data_apertura_a=2025-12-30T23%3A00%3A00.000Z&limit=1000 200 in 280ms
 GET /api/attivita?data_apertura_da=2025-11-30T23%3A00%3A00.000Z&data_apertura_a=2025-12-30T23%3A00%3A00.000Z&limit=1000 200 in 280ms
 ✓ Compiled /apparecchiature in 361ms
 GET /apparecchiature 200 in 423ms
 ✓ Compiled /api/apparecchiature in 122ms
 GET /api/apparecchiature 200 in 397ms
 GET /api/apparecchiature 200 in 257ms
 GET /attivita/new 200 in 143ms
 GET /api/clienti 200 in 335ms
 GET /api/reparti 200 in 338ms
 GET /api/modalita-apertura 200 in 340ms
 GET /clienti 200 in 70ms
 GET /api/clienti 200 in 293ms
 GET /api/clienti 200 in 268ms
 GET /icon.png?icon.fdb1d210.png 200 in 252ms
 GET /icon.png?icon.fdb1d210.png 200 in 244ms
 GET /utenti 200 in 84ms
 GET /api/utenti 200 in 264ms
 GET /api/utenti 200 in 264ms
 GET /icon.png?icon.fdb1d210.png 200 in 275ms
 GET /impostazioni/tabelle?tab=reparti 200 in 96ms
 GET /api/reparti 200 in 274ms
 GET /api/reparti 200 in 272ms
 GET /icon.png?icon.fdb1d210.png 200 in 257ms
 GET /icon.png?icon.fdb1d210.png 200 in 260ms
 GET /impostazioni/tabelle?tab=modalita 200 in 70ms
 GET /api/modalita-apertura 200 in 269ms
 GET /icon.png?icon.fdb1d210.png 200 in 250ms
 GET /registro 200 in 118ms
 GET /api/attivita?data_apertura_da=2025-11-30T23%3A00%3A00.000Z&data_apertura_a=2025-12-30T23%3A00%3A00.000Z&limit=1000 200 in 276ms
 GET /icon.png?icon.fdb1d210.png 200 in 307ms
 GET /api/attivita?data_apertura_da=2025-11-30T23%3A00%3A00.000Z&data_apertura_a=2025-12-30T23%3A00%3A00.000Z&limit=1000 200 in 299ms
 GET /icon.png?icon.fdb1d210.png 200 in 246ms
 GET /attivita/new 200 in 136ms
 GET /api/clienti 200 in 357ms
 GET /api/modalita-apertura 200 in 359ms
 GET /api/reparti 200 in 362ms
 GET /icon.png?icon.fdb1d210.png 200 in 249ms
 GET /icon.png?icon.fdb1d210.png 200 in 266ms
 GET /icon.png?icon.fdb1d210.png 200 in 258ms
 GET /icon.png?icon.fdb1d210.png 200 in 266ms
 GET /icon.png?icon.fdb1d210.png 200 in 245ms
 GET /icon.png?icon.fdb1d210.png 200 in 248ms
 GET /icon.png?icon.fdb1d210.png 200 in 246ms
 GET /icon.png?icon.fdb1d210.png 200 in 250ms
 POST /api/attivita 201 in 306ms
 GET /attivita/26 200 in 146ms
 GET /api/reparti 200 in 553ms
 GET /api/attivita/26 200 in 546ms
 GET /api/file?tipo_riferimento=attivita&id_riferimento=26 200 in 557ms
 GET /api/modalita-apertura 200 in 574ms
 GET /api/reparti 200 in 367ms
 GET /api/file?tipo_riferimento=attivita&id_riferimento=26 200 in 367ms
 GET /api/attivita/26 200 in 364ms
 GET /api/modalita-apertura 200 in 361ms
 GET /icon.png?icon.fdb1d210.png 200 in 252ms
 GET /icon.png?icon.fdb1d210.png 200 in 261ms
 GET /icon.png?icon.fdb1d210.png 200 in 247ms
 GET /icon.png?icon.fdb1d210.png 200 in 247ms
 GET /icon.png?icon.fdb1d210.png 200 in 250ms
 GET /icon.png?icon.fdb1d210.png 200 in 252ms
 GET /icon.png?icon.fdb1d210.png 200 in 250ms
 PATCH /api/attivita/26 400 in 333ms
 GET /icon.png?icon.fdb1d210.png 200 in 257ms
 GET /attivita/26 200 in 234ms
 GET /api/reparti 200 in 475ms
 GET /api/modalita-apertura 200 in 478ms
 GET /api/file?tipo_riferimento=attivita&id_riferimento=26 200 in 480ms
 GET /api/attivita/26 200 in 475ms
 GET /icon.png?icon.fdb1d210.png 200 in 243ms
 GET /icon.png?icon.fdb1d210.png 200 in 247ms
 GET /api/clienti 200 in 351ms
 GET /api/reparti 200 in 348ms
 GET /api/modalita-apertura 200 in 349ms
 GET /api/clienti 200 in 322ms
 GET /api/reparti 200 in 328ms
 GET /api/modalita-apertura 200 in 330ms
 GET /icon.png?icon.fdb1d210.png 200 in 258ms
 GET /attivita/26 200 in 240ms
 GET /api/reparti 200 in 494ms
 GET /api/modalita-apertura 200 in 497ms
 GET /api/attivita/26 200 in 492ms
 GET /api/file?tipo_riferimento=attivita&id_riferimento=26 200 in 500ms
 GET /icon.png?icon.fdb1d210.png 200 in 251ms
 GET /icon.png?icon.fdb1d210.png 200 in 254ms
 GET /attivita 200 in 162ms
 GET /api/attivita? 200 in 291ms
 GET /icon.png?icon.fdb1d210.png 200 in 277ms
 GET /icon.png?icon.fdb1d210.png 200 in 246ms
 GET /attivita/new 200 in 165ms
 GET /api/clienti 200 in 336ms
 GET /api/reparti 200 in 339ms
 GET /api/modalita-apertura 200 in 342ms
 GET /icon.png?icon.fdb1d210.png 200 in 254ms
 GET /icon.png?icon.fdb1d210.png 200 in 246ms
 GET /icon.png?icon.fdb1d210.png 200 in 242ms
 GET /login 200 in 95ms
 GET /icon.png?icon.fdb1d210.png 200 in 244ms
 GET /icon.png?icon.fdb1d210.png 200 in 250ms
 GET /icon.png?icon.fdb1d210.png 200 in 249ms
 POST /api/auth/login 200 in 251ms
 GET /attivita 200 in 72ms
 GET /api/attivita? 200 in 268ms
 GET /api/attivita? 200 in 269ms
 GET /attivita/26 200 in 192ms
 GET /api/reparti 200 in 469ms
 GET /api/modalita-apertura 200 in 473ms
 GET /api/file?tipo_riferimento=attivita&id_riferimento=26 200 in 475ms
 GET /api/attivita/26 200 in 472ms
 GET /icon.png?icon.fdb1d210.png 200 in 292ms
 GET /icon.png?icon.fdb1d210.png 200 in 251ms
 GET /icon.png?icon.fdb1d210.png 200 in 256ms
 GET /icon.png?icon.fdb1d210.png 200 in 248ms
 GET /icon.png?icon.fdb1d210.png 200 in 256ms
 PATCH /api/attivita/26 400 in 357ms
 GET /icon.png?icon.fdb1d210.png 200 in 257ms
 GET /login 200 in 102ms
 GET /icon.png?icon.fdb1d210.png 200 in 267ms
 GET /icon.png?icon.fdb1d210.png 200 in 264ms
 POST /api/auth/login 200 in 256ms
 GET /attivita 200 in 83ms
 GET /api/attivita? 200 in 278ms
 GET /api/attivita? 200 in 280ms
 GET /apparecchiature 200 in 136ms
 GET /api/apparecchiature 200 in 269ms
 GET /icon.png?icon.fdb1d210.png 200 in 255ms
 GET /icon.png?icon.fdb1d210.png 200 in 246ms
 ✓ Compiled /apparecchiature/new in 497ms
 GET /apparecchiature/new 200 in 566ms
 GET /api/clienti 200 in 266ms
 GET /api/clienti 200 in 265ms
 GET /icon.png?icon.fdb1d210.png 200 in 247ms
 GET /icon.png?icon.fdb1d210.png 200 in 253ms
 GET /icon.png?icon.fdb1d210.png 200 in 243ms
 GET /icon.png?icon.fdb1d210.png 200 in 256ms
 GET /icon.png?icon.fdb1d210.png 200 in 252ms
 POST /api/apparecchiature 201 in 317ms
 ✓ Compiled /apparecchiature/[id] in 334ms
 GET /apparecchiature/20 200 in 973ms
 ✓ Compiled /api/apparecchiature/[id] in 135ms
 GET /api/apparecchiature/20 200 in 1194ms
 GET /api/apparecchiature/20 200 in 336ms
 GET /icon.png?icon.fdb1d210.png 200 in 253ms
 GET /login 200 in 138ms
 GET /icon.png?icon.fdb1d210.png 200 in 277ms
 GET /icon.png?icon.fdb1d210.png 200 in 281ms
 POST /api/auth/login 200 in 272ms
 GET /attivita 200 in 107ms
 GET /api/attivita? 200 in 278ms
 GET /api/attivita? 200 in 276ms
 GET /utenti 200 in 138ms
 GET /api/utenti 200 in 271ms
 GET /icon.png?icon.fdb1d210.png 200 in 249ms
 GET /icon.png?icon.fdb1d210.png 200 in 248ms
 ✓ Compiled /utenti/new in 452ms
 GET /utenti/new 200 in 522ms
 GET /icon.png?icon.fdb1d210.png 200 in 247ms
 GET /icon.png?icon.fdb1d210.png 200 in 255ms
 POST /api/utenti 201 in 389ms
 ✓ Compiled /utenti/[id] in 329ms
 GET /utenti/2 200 in 996ms
 ✓ Compiled /api/utenti/[id] in 118ms
 GET /api/utenti/2 200 in 1178ms
 GET /api/utenti/2 200 in 335ms
 GET /icon.png?icon.fdb1d210.png 200 in 247ms
 GET /login 200 in 105ms
 GET /icon.png?icon.fdb1d210.png 200 in 249ms
 GET /icon.png?icon.fdb1d210.png 200 in 248ms
 POST /api/auth/login 200 in 254ms
 GET /attivita 200 in 67ms
 GET /api/attivita? 200 in 279ms
 GET /api/attivita? 200 in 301ms
 GET /registro 200 in 265ms
 GET /api/attivita?data_apertura_da=2025-11-30T23%3A00%3A00.000Z&data_apertura_a=2025-12-30T23%3A00%3A00.000Z&limit=1000 200 in 292ms
 GET /icon.png?icon.fdb1d210.png 200 in 255ms
 GET /icon.png?icon.fdb1d210.png 200 in 249ms
 GET /api/attivita?data_apertura_da=2025-11-30T23%3A00%3A00.000Z&data_apertura_a=2025-12-30T23%3A00%3A00.000Z&limit=1000 200 in 280ms
 GET /icon.png?icon.fdb1d210.png 200 in 250ms
 GET /apparecchiature 200 in 58ms
 GET /api/apparecchiature 200 in 265ms
 GET /api/apparecchiature 200 in 258ms
 GET /attivita 200 in 69ms
 GET /api/attivita? 200 in 305ms
 GET /api/attivita? 200 in 264ms
 GET /attivita/26 200 in 134ms
 GET /api/reparti 200 in 434ms
 GET /api/modalita-apertura 200 in 432ms
 GET /api/attivita/26 200 in 426ms
 GET /api/file?tipo_riferimento=attivita&id_riferimento=26 200 in 428ms
 GET /api/reparti 200 in 346ms
 GET /api/modalita-apertura 200 in 345ms
 GET /api/file?tipo_riferimento=attivita&id_riferimento=26 200 in 350ms
 GET /api/attivita/26 200 in 348ms
 GET /impostazioni/tabelle?tab=reparti 200 in 53ms
 GET /api/reparti 200 in 262ms
 GET /api/reparti 200 in 252ms
